c:\users\razzvan98\downloads\wetransfer-d84253\simulare apa\debug\vc142.pdb
c:\users\razzvan98\downloads\wetransfer-d84253\simulare apa\debug\vc142.idb
c:\users\razzvan98\downloads\wetransfer-d84253\simulare apa\debug\camera.obj
c:\users\razzvan98\downloads\wetransfer-d84253\simulare apa\debug\cshader.obj
c:\users\razzvan98\downloads\wetransfer-d84253\simulare apa\debug\init.obj
c:\users\razzvan98\downloads\wetransfer-d84253\simulare apa\debug\main.obj
c:\users\razzvan98\downloads\wetransfer-d84253\simulare apa\debug\terrain.obj
c:\users\razzvan98\downloads\wetransfer-d84253\simulare apa\debug\water.obj
c:\users\razzvan98\desktop\facultate\simulare apa\debug\vc142.pdb
c:\users\razzvan98\desktop\facultate\simulare apa\debug\vc142.idb
c:\users\razzvan98\desktop\facultate\simulare apa\debug\cshader.obj
c:\users\razzvan98\desktop\facultate\simulare apa\debug\camera.obj
c:\users\razzvan98\desktop\facultate\simulare apa\debug\init.obj
c:\users\razzvan98\desktop\facultate\simulare apa\debug\main.obj
c:\users\razzvan98\desktop\facultate\simulare apa\debug\terrain.obj
c:\users\razzvan98\desktop\facultate\simulare apa\debug\water.obj
c:\users\razzvan98\desktop\facultate\simulare apa\debug\tree.obj
c:\users\razzvan98\downloads\wetransfer-d84253\simulare apa\debug\graphicalsystemslaborator.ilk
c:\users\razzvan98\downloads\wetransfer-d84253\simulare apa\debug\graphicalsystemslaborator.exe
c:\users\razzvan98\downloads\wetransfer-d84253\simulare apa\debug\graphicalsystemslaborator.pdb
c:\users\razzvan98\desktop\facultate\simulare apa\debug\graphicalsystemslaborator.exe
c:\users\razzvan98\desktop\facultate\simulare apa\debug\graphicalsystemslaborator.ilk
c:\users\razzvan98\desktop\facultate\simulare apa\debug\graphicalsystemslaborator.pdb
c:\users\razzvan98\desktop\facultate\simulare apa\debug\graphica.f79c3aa8.tlog\cl.command.1.tlog
c:\users\razzvan98\desktop\facultate\simulare apa\debug\graphica.f79c3aa8.tlog\cl.read.1.tlog
c:\users\razzvan98\desktop\facultate\simulare apa\debug\graphica.f79c3aa8.tlog\cl.write.1.tlog
c:\users\razzvan98\desktop\facultate\simulare apa\debug\graphica.f79c3aa8.tlog\link.command.1.tlog
c:\users\razzvan98\desktop\facultate\simulare apa\debug\graphica.f79c3aa8.tlog\link.read.1.tlog
c:\users\razzvan98\desktop\facultate\simulare apa\debug\graphica.f79c3aa8.tlog\link.write.1.tlog
